Arguments: 
  C:\Program Files\nodejs\node.exe C:\Program Files (x86)\Yarn\bin\yarn.js publish

PATH: 
  C:\Users\Administrator\Desktop\cmder\bin;C:\Users\Administrator\Desktop\cmder\vendor\conemu-maximus5\ConEmu\Scripts;C:\Users\Administrator\Desktop\cmder\vendor\conemu-maximus5;C:\Users\Administrator\Desktop\cmder\vendor\conemu-maximus5\ConEmu;C:\Python27\;C:\Python27\Scripts;C:\Program Files\PHP\v5.3;C:\ProgramData\Oracle\Java\javapath;C:\Python36\Scripts\;C:\Python36\;C:\path;C:\Windows\system32;C:\Windows;C:\Windows\System32\Wbem;C:\Windows\System32\WindowsPowerShell\v1.0\;C:\Program Files (x86)\Minimal ADB and Fastboot;C:\Program Files (x86)\NVIDIA Corporation\PhysX\Common;C:\WINDOWS\system32;C:\WINDOWS;C:\WINDOWS\System32\Wbem;C:\WINDOWS\System32\WindowsPowerShell\v1.0\;C:\OpenSSL-Win64\bin;C:\Program Files (x86)\Dev-Cpp\MinGW64\bin;C:\ProgramData\chocolatey\bin;C:\Program Files (x86)\vim\vim80;C:\Program Files\Java\jdk1.8.0_131\bin;C:\Program Files (x86)\Skype\Phone\;C:\Program Files\Microsoft SQL Server\130\Tools\Binn\;C:\Program Files\dotnet\;C:\Program Files (x86)\GtkSharp\2.12\bin;C:\Program Files\Git\cmd;C:\Program Files (x86)\Yarn\bin;C:\Program Files\nodejs\;C:\Program Files\Microsoft\Web Platform Installer\;C:\Program Files\Microsoft SQL Server\Client SDK\ODBC\110\Tools\Binn\;C:\Program Files (x86)\Microsoft SQL Server\120\Tools\Binn\;C:\Program Files\Microsoft SQL S;C:\Users\Administrator\.windows-build-tools\python27\;C:\Program Files (x86)\GTK2-Runtime\bin;C:\Program Files\TortoiseGit\bin;C:\Ruby24-x64\bin;C:\Users\Administrator\AppData\Local\Microsoft\WindowsApps;C:\Program Files (x86)\Microsoft VS Code\bin;C:\Program Files\Heroku\bin;C:\Users\Administrator\AppData\Local\Yarn\bin;C:\Users\Administrator\AppData\Roaming\npm;C:\libjpeg-turbo64\bin;C:\gradle-4.1\bin;C:\Program Files (x86)\GnuWin32\bin;C:\Program Files\ConEmu;C:\Users\Administrator\AppData\Local\learn_ide\bin;C:\Program Files\Git\usr\bin;C:\Program Files\Git\usr\share\vim\vim74;C:\Users\Administrator\Desktop\cmder\

Yarn version: 
  0.27.5

Node version: 
  8.1.4

Platform: 
  win32 x64

npm manifest: 
  {
    "name": "simple-judger",
    "version": "2.0.1",
    "description": "",
    "main": "index.js",
    "scripts": {
      "test": "nodejs test.js"
    },
    "author": "maple3142",
    "license": "ISC",
    "dependencies": {
      "bluebird": "^3.5.0",
      "chmod": "^0.2.1"
    },
    "os": [
      "linux"
    ],
    "repository": {
      "type": "git",
      "url": "https://github.com/maple3142/Simple-Judger.git"
    }
  }

yarn manifest: 
  No manifest

Lockfile: 
  # THIS IS AN AUTOGENERATED FILE. DO NOT EDIT THIS FILE DIRECTLY.
  # yarn lockfile v1
  
  
  bluebird@^3.5.0:
    version "3.5.0"
    resolved "https://registry.yarnpkg.com/bluebird/-/bluebird-3.5.0.tgz#791420d7f551eea2897453a8a77653f96606d67c"
  
  chmod@^0.2.1:
    version "0.2.1"
    resolved "https://registry.yarnpkg.com/chmod/-/chmod-0.2.1.tgz#dee71c420fc00bf523d572b14922f55d919f9d0a"
    dependencies:
      deep-extend "^0.2.8"
      stat-mode "~0.1.0"
  
  deep-extend@^0.2.8:
    version "0.2.11"
    resolved "https://registry.yarnpkg.com/deep-extend/-/deep-extend-0.2.11.tgz#7a16ba69729132340506170494bc83f7076fe08f"
  
  stat-mode@~0.1.0:
    version "0.1.0"
    resolved "https://registry.yarnpkg.com/stat-mode/-/stat-mode-0.1.0.tgz#0cfbec3af29e6059122d2f7efc3e96a8203556a9"

Trace: 
  Error: https://registry.yarnpkg.com/simple-judger: You must be logged in to publish packages.
      at Request.params.callback [as _callback] (C:\Program Files (x86)\Yarn\lib\yarn-cli.js:58200:18)
      at Request.self.callback (C:\Program Files (x86)\Yarn\lib\yarn-cli.js:114242:22)
      at emitTwo (events.js:125:13)
      at Request.emit (events.js:213:7)
      at Request.<anonymous> (C:\Program Files (x86)\Yarn\lib\yarn-cli.js:115225:10)
      at emitOne (events.js:115:13)
      at Request.emit (events.js:210:7)
      at IncomingMessage.<anonymous> (C:\Program Files (x86)\Yarn\lib\yarn-cli.js:115145:12)
      at Object.onceWrapper (events.js:314:30)
      at emitNone (events.js:110:20)
